Scripts
Sat Mar 23 17:40:23 CST 2013==============================================
site_name=KBS
engine_name=engine_227
Sat Mar 23 17:40:23 CST 2013==================cli vpd=====================
Sat Mar 23 17:40:23 CST 2013=== parse_cli_vpd start...
cli_vpd {seconds 1359489267} {{product_type {} {{{#text} { FCE4400 }}}} {fw_version {} {{{#text} 15.1.10}}} {fw_date {} {{{#text} {Sep 17 2012 16:56:07}}}} {redboot {} {{{#text} 0.2.0.5}}} {uid {} {{{#text} 00000060-22092836}}} {serial {} {{{#text} 00600118}}} {pcb {} {{{#text} 00600118}}} {mac {} {{{#text} 0.60.22.9.28.36}}} {ip {} {{{#text} 10.100.5.227}}} {alert {} {{{#text} 990}}} {time {} {{{#text} {Wednesday 1/30/2013 04:54:20}}}} {ports {id A1} {{id {} {{{#text} A1}}} {wwnn {} {{{#text} 2000-006022-092836}}} {wwpn {} {{{#text} 2100-006022-092836}}}}} {ports {id A2} {{id {} {{{#text} A2}}} {wwnn {} {{{#text} 2000-006022-092836}}} {wwpn {} {{{#text} 2200-006022-092836}}}}} {ports {id B1} {{id {} {{{#text} B1}}} {wwnn {} {{{#text} 2000-006022-092836}}} {wwpn {} {{{#text} 2300-006022-092836}}}}} {ports {id B2} {{id {} {{{#text} B2}}} {wwnn {} {{{#text} 2000-006022-092836}}} {wwpn {} {{{#text} 2400-006022-092836}}}}}}
product_type=FCE4400
fw_version=15.1.10
fw_date=Sep 17 2012 16:56:07
redboot=0.2.0.5
uid=00000060-22092836
serial=00600118
pcb=00600118
mac=0.60.22.9.28.36
ip=10.100.5.227
key in keyvalue is alert {} {{{#text} 990}}
alert=990
alert=Wednesday 1/30/2013 04:54:20
key in keyvalue is ports {id A1} {{id {} {{{#text} A1}}} {wwnn {} {{{#text} 2000-006022-092836}}} {wwpn {} {{{#text} 2100-006022-092836}}}}
ports=
A2_wwnn=2000-006022-092836
A2_wwpn=2200-006022-092836
B1_wwnn=2000-006022-092836
B1_wwpn=2300-006022-092836
B2_wwnn=2000-006022-092836
B2_wwpn=2400-006022-092836
_=
_=
-------------
insert into engine_cli_vpd values ('00600118', 1359489267, 'KBS', 'engine_227', 'FCE4400', '15.1.10', 'Sep 17 2012 16:56:07', '0.2.0.5', '00000060-22092836', '00600118', '0.60.22.9.28.36', '10.100.5.227', '990', 'Wednesday 1/30/2013 04:54:20', '', '2000-006022-092836', '2200-006022-092836', '2000-006022-092836', '2300-006022-092836', '2000-006022-092836', '2400-006022-092836', '', '')
Sat Mar 23 17:40:23 CST 2013=== parse_cli_vpd completed!
cripts
Sat Mar 23 17:42:33 CST 2013==============================================
site_name=KBS
engine_name=engine_228
Sat Mar 23 17:42:33 CST 2013==================cli vpd=====================
Sat Mar 23 17:42:33 CST 2013=== parse_cli_vpd start...
cli_vpd {seconds 1359519200} {{product_type {} {{{#text} { FCE4400 }}}} {fw_version {} {{{#text} 15.1.10}}} {fw_date {} {{{#text} {Sep 17 2012 16:56:07}}}} {redboot {} {{{#text} 0.2.0.5}}} {uid {} {{{#text} 00000060-22092838}}} {serial {} {{{#text} 00600120}}} {pcb {} {{{#text} 00600120}}} {mac {} {{{#text} 0.60.22.9.28.38}}} {ip {} {{{#text} 10.100.5.228}}} {uptime {} {{{#text} {107d 04:25:56}}}} {alert {} {{{#text} None}}} {time {} {{{#text} {Wednesday 1/30/2013 13:13:10}}}} {ports {id A1} {{id {} {{{#text} A1}}} {wwnn {} {{{#text} 2000-006022-092836}}} {wwpn {} {{{#text} 2100-006022-092838}}}}} {ports {id A2} {{id {} {{{#text} A2}}} {wwnn {} {{{#text} 2000-006022-092836}}} {wwpn {} {{{#text} 2200-006022-092838}}}}} {ports {id B1} {{id {} {{{#text} B1}}} {wwnn {} {{{#text} 2000-006022-092838}}} {wwpn {} {{{#text} 2300-006022-092838}}}}} {ports {id B2} {{id {} {{{#text} B2}}} {wwnn {} {{{#text} 2000-006022-092838}}} {wwpn {} {{{#text} 2400-006022-092838}}}}}}
product_type=FCE4400
fw_version=15.1.10
fw_date=Sep 17 2012 16:56:07
redboot=0.2.0.5
uid=00000060-22092838
serial=00600120
pcb=00600120
mac=0.60.22.9.28.38
ip=10.100.5.228
key in keyvalue is uptime {} {{{#text} {107d 04:25:56}}}
uptime=107d 04:25:56
alert=None
key in keyvalue is time {} {{{#text} {Wednesday 1/30/2013 13:13:10}}}
time=Wednesday 1/30/2013 13:13:10
A1_wwnn=2000-006022-092836
A1_wwpn=2100-006022-092838
A2_wwnn=2000-006022-092836
A2_wwpn=2200-006022-092838
B1_wwnn=2000-006022-092838
B1_wwpn=2300-006022-092838
B2_wwnn=2000-006022-092838
B2_wwpn=2400-006022-092838
-------------
insert into engine_cli_vpd values ('00600120', 1359519200, 'KBS', 'engine_228', 'FCE4400', '15.1.10', 'Sep 17 2012 16:56:07', '0.2.0.5', '00000060-22092838', '00600120', '0.60.22.9.28.38', '10.100.5.228', '107d 04:25:56', 'None', 'Wednesday 1/30/2013 13:13:10', '2000-006022-092836', '2100-006022-092838', '2000-006022-092836', '2200-006022-092838', '2000-006022-092838', '2300-006022-092838', '2000-006022-092838', '2400-006022-092838')
Sat Mar 23 17:42:33 CST 2013=== parse_cli_vpd completed!
