Wednesday 5th of June 2013 02:26:15 PMsite=Loxoll&id=130305&client=osx.mini&type=command&data=
Wednesday 5th of June 2013 02:26:17 PMsite=Loxoll&id=130305&client=osx.mini&type=command&data=
Wednesday 5th of June 2013 02:26:19 PMsite=Loxoll&id=130305&client=osx.mini&type=command&data=
Wednesday 5th of June 2013 02:26:21 PMsite=Loxoll&id=130305&client=osx.mini&type=command&data=
Wednesday 5th of June 2013 02:26:23 PMsite=Loxoll&id=130305&client=osx.mini&type=command&data=
Wednesday 5th of June 2013 02:26:25 PMsite=Loxoll&id=130305&client=osx.mini&type=command&data=
Wednesday 5th of June 2013 02:26:27 PMsite=Loxoll&id=130305&client=osx.mini&type=command&data=
Wednesday 5th of June 2013 02:26:29 PMsite=Loxoll&id=130305&client=osx.mini&type=command&data=
Wednesday 5th of June 2013 02:26:35 PMsite=Loxoll&id=130305&client=osx.mini&type=engine_time.xml&data=<?xml version=\'1.0\' encoding=\'utf-8\'?>
<sites><site><engines><engine name=\"engine_39\"><conn_lost>270</conn_lost><all_time id=\"0\">30258113324</all_time><new_time id=\"0\">1370413324</new_time></engine><engine name=\"engine_40\"><conn_lost>0</conn_lost><all_time id=\"1\">30261013295</all_time><new_time id=\"11\">1370413594</new_time></engine></engines></site></sites>

Wednesday 5th of June 2013 02:26:35 PMsite=Loxoll&id=130305&client=osx.mini&type=engine_new.xml&data=<?xml version=\'1.0\' encoding=\'utf-8\'?>
<sites><site><engines><engine name=\"engine_39\"/><engine name=\"engine_40\"><cli_vpd seconds=\"1370413594\"><uptime>6d 04:22:47</uptime><time>Wednesday 6/5/2013 14:15:24</time><fw_date>May 2 2013 16:48:30</fw_date></cli_vpd><cli_rtc seconds=\"1370413594\"><time>14:15:26</time></cli_rtc></engine></engines></site></sites>

Wednesday 5th of June 2013 02:26:36 PMsite=Loxoll&id=130305&client=osx.mini&type=site_time.xml&data=<?xml version=\'1.0\' encoding=\'utf-8\'?>
<sites><site><name>Loxoll</name><time>11671113594</time></site></sites>

Wednesday 5th of June 2013 02:26:37 PMsite=Loxoll&id=130305&client=osx.mini&type=command&data=
Wednesday 5th of June 2013 02:26:39 PMsite=Loxoll&id=130305&client=osx.mini&type=command&data=
Wednesday 5th of June 2013 02:26:41 PMsite=Loxoll&id=130305&client=osx.mini&type=command&data=
Wednesday 5th of June 2013 02:26:43 PMsite=Loxoll&id=130305&client=osx.mini&type=command&data=
Wednesday 5th of June 2013 02:26:45 PMsite=Loxoll&id=130305&client=osx.mini&type=command&data=
Wednesday 5th of June 2013 02:26:47 PMsite=Loxoll&id=130305&client=osx.mini&type=command&data=
Wednesday 5th of June 2013 02:26:49 PMsite=Loxoll&id=130305&client=osx.mini&type=command&data=
Wednesday 5th of June 2013 02:26:51 PMsite=Loxoll&id=130305&client=osx.mini&type=command&data=
Wednesday 5th of June 2013 02:26:53 PMsite=Loxoll&id=130305&client=osx.mini&type=command&data=
Wednesday 5th of June 2013 02:27:24 PMsite=Loxoll&id=130305&client=osx.mini&type=command&data=
Wednesday 5th of June 2013 02:27:26 PMsite=Loxoll&id=130305&client=osx.mini&type=command&data=
Wednesday 5th of June 2013 02:27:28 PMsite=Loxoll&id=130305&client=osx.mini&type=command&data=
Wednesday 5th of June 2013 02:27:30 PMsite=Loxoll&id=130305&client=osx.mini&type=command&data=
Wednesday 5th of June 2013 02:27:32 PMsite=Loxoll&id=130305&client=osx.mini&type=command&data=
Wednesday 5th of June 2013 02:27:38 PMsite=Loxoll&id=130305&client=osx.mini&type=engine_time.xml&data=<?xml version=\'1.0\' encoding=\'utf-8\'?>
<sites><site><engines><engine name=\"engine_40\"><conn_lost>0</conn_lost><all_time id=\"1\">30224713658</all_time><new_time id=\"1\">1370413658</new_time></engine></engines></site></sites>

Wednesday 5th of June 2013 02:27:38 PMsite=Loxoll&id=130305&client=osx.mini&type=engine_new.xml&data=<?xml version=\'1.0\' encoding=\'utf-8\'?>
<sites><site><engines><engine name=\"engine_40\"/></engines></site></sites>

Wednesday 5th of June 2013 02:27:39 PMsite=Loxoll&id=130305&client=osx.mini&type=engine_40_all.xml&data=<?xml version=\'1.0\' encoding=\'utf-8\'?>
<sites><site><engines><engine name=\'engine_40\'>

<cli_vpd seconds=\'1370413657\'>
<product_type> FCE8400G </product_type><fw_version>15.3.1</fw_version><fw_date>May  2 2013 16:48:30</fw_date><redboot>0.2.0.6</redboot><uid>00000060-22AD0A8A</uid><serial>11340426</serial><pcb>11340426</pcb><mac>0.60.22.AD.A.8A</mac><ip>10.10.67.40</ip><uptime>6d 04:23:50</uptime><alert>None</alert><time>Wednesday 6/5/2013 14:16:28</time><ports id=\'A1\'><id>A1</id><wwnn>2000-006022-ad0a8a</wwnn><wwpn>2100-006022-ad0a8a</wwpn></ports><ports id=\'A2\'><id>A2</id><wwnn>2000-006022-ad0a8a</wwnn><wwpn>2200-006022-ad0a8a</wwpn></ports><ports id=\'B1\'><id>B1</id><wwnn>2000-006022-ad0a8a</wwnn><wwpn>2300-006022-ad0a8a</wwpn></ports><ports id=\'B2\'><id>B2</id><wwnn>2000-006022-ad0a8a</wwnn><wwpn>2400-006022-ad0a8a</wwpn></ports></cli_vpd>
<cli_mirror seconds=\'1370413658\'><mirror_ok>0</mirror_ok><mirror_degraded>0</mirror_degraded><mirror_failed>0</mirror_failed></cli_mirror>
<cli_conmgr_drive_status seconds=\'1370413658\'><drives id=\'0\'><id>0</id><status>N</status><paths id=\'1\'><port>A2</port><wwpn>5006-022600-ffffff</wwpn><lun>0000</lun><pstatus>N</pstatus></paths>
</drives><drives id=\'1\'><id>1</id><status>N</status><paths id=\'1\'><port>A2</port><wwpn>5006-022600-ffffff</wwpn><lun>0001</lun><pstatus>N</pstatus></paths>
</drives><inactive>2</inactive><offline_path>2</offline_path></cli_conmgr_drive_status>
<cli_conmgr_engine_status seconds=\'1370413658\'><cluster_not_ok>0</cluster_not_ok><path_not_ok>0</path_not_ok></cli_conmgr_engine_status>
<cli_conmgr_initiator_status seconds=\'1370413658\'><online>0</online><offline>0</offline></cli_conmgr_initiator_status>
<cli_rebuild seconds=\'1370413658\'><ready_count>0</ready_count><rebuilding_count>0</rebuilding_count></cli_rebuild>
<cli_rebuild_delay seconds=\'1370413658\'><delay>30</delay></cli_rebuild_delay>
<cli_rebuild_default seconds=\'1370413658\'><speed>199</speed><iops>199</iops></cli_rebuild_default>
<cli_rtc seconds=\'1370413658\'><day>Wednesday</day><date>3</date><time>14:16:30</time><interval>60</interval><calibration>34</calibration></cli_rtc>

<cli_history seconds=\'1370413658\'><alert_halt id=\'1\'><dt>4/30/2013 13:02:26</dt><number>534</number></alert_halt><alert_halt id=\'2\'><dt>4/30/2013 13:06:06</dt><number>634</number></alert_halt><alert_halt id=\'3\'><dt>5/1/2013 06:52:44</dt><number>920</number></alert_halt><alert_halt id=\'4\'><dt>5/1/2013 06:56:39</dt><number>0</number></alert_halt><alert_halt id=\'5\'><dt>5/1/2013 07:03:04</dt><number>920</number></alert_halt><alert_halt id=\'6\'><dt>5/1/2013 07:03:50</dt><number>0</number></alert_halt><alert_halt id=\'7\'><dt>5/1/2013 08:15:24</dt><number>0</number></alert_halt><alert_halt id=\'8\'><dt>5/30/2013 09:19:22</dt><number>130</number></alert_halt><alert_halt id=\'9\'><dt>5/30/2013 09:53:02</dt><number>0</number></alert_halt><alert_halt id=\'10\'><dt>5/30/2013 09:53:02</dt><number>912</number></alert_halt></cli_history>


<cli_failed seconds=\'1370413658\'><failed_count>0</failed_count></cli_failed>
<cli_detach seconds=\'1370413658\'></cli_detach>
<cli_timeout seconds=\'1370413658\'><timeout><seconds>15</seconds><timeouts>2</timeouts><command> timeout 15 1 0 2</command></timeout><timeout_last><seconds>15</seconds><timeouts>0</timeouts><command>timeout last 15 1 0 0</command></timeout_last></cli_timeout>


<cli_port seconds=\'1370413658\'><engine_ports id=\'A1\'><status>enabled</status><link>inactive</link><gbps></gbps></engine_ports><engine_ports id=\'A2\'><status>enabled</status><link>active</link><gbps>4</gbps></engine_ports><engine_ports id=\'B1\'><status>enabled</status><link>inactive</link><gbps></gbps></engine_ports><engine_ports id=\'B2\'><status>enabled</status><link>inactive</link><gbps></gbps></engine_ports></cli_port>
<cli_detach_group seconds=\'1370413658\'></cli_detach_group>
<cli_dmeprop seconds=\'1370413658\'><clusters id=\'0\'><id>0</id><status>A</status><is_master>Yes</is_master></clusters><my_id>0</my_id></cli_dmeprop>
<cli_map seconds=\'1370413658\'><map_id id=\'0\'><mid>0</mid><luns>none</luns></map_id></cli_map>



</engine></engines></site></sites>

Wednesday 5th of June 2013 02:27:40 PMsite=Loxoll&id=130305&client=osx.mini&type=site_time.xml&data=<?xml version=\'1.0\' encoding=\'utf-8\'?>
<sites><site><name>Loxoll</name><time>11664713658</time></site></sites>

Wednesday 5th of June 2013 02:27:41 PMsite=Loxoll&id=130305&client=osx.mini&type=command&data=
Wednesday 5th of June 2013 02:27:43 PMsite=Loxoll&id=130305&client=osx.mini&type=command&data=
Wednesday 5th of June 2013 02:27:45 PMsite=Loxoll&id=130305&client=osx.mini&type=command&data=
Wednesday 5th of June 2013 02:27:47 PMsite=Loxoll&id=130305&client=osx.mini&type=command&data=
Wednesday 5th of June 2013 02:27:49 PMsite=Loxoll&id=130305&client=osx.mini&type=command&data=
Wednesday 5th of June 2013 02:27:51 PMsite=Loxoll&id=130305&client=osx.mini&type=command&data=
Wednesday 5th of June 2013 02:27:53 PMsite=Loxoll&id=130305&client=osx.mini&type=command&data=
Wednesday 5th of June 2013 02:27:55 PMsite=Loxoll&id=130305&client=osx.mini&type=command&data=
Wednesday 5th of June 2013 02:27:57 PMsite=Loxoll&id=130305&client=osx.mini&type=command&data=
Wednesday 5th of June 2013 02:27:59 PMsite=Loxoll&id=130305&client=osx.mini&type=command&data=
Wednesday 5th of June 2013 02:28:01 PMsite=Loxoll&id=130305&client=osx.mini&type=command&data=
Wednesday 5th of June 2013 02:28:08 PMsite=Loxoll&id=130305&client=osx.mini&type=engine_time.xml&data=<?xml version=\'1.0\' encoding=\'utf-8\'?>
<sites><site><engines><engine name=\"engine_40\"><conn_lost>0</conn_lost><all_time id=\"1\">30224713658</all_time><new_time id=\"2\">1370413688</new_time></engine></engines></site></sites>

Wednesday 5th of June 2013 02:28:08 PMsite=Loxoll&id=130305&client=osx.mini&type=engine_new.xml&data=<?xml version=\'1.0\' encoding=\'utf-8\'?>
<sites><site><engines><engine name=\"engine_39\"/><engine name=\"engine_40\"><cli_vpd seconds=\"1370413687\"><uptime>6d 04:24:20</uptime><time>Wednesday 6/5/2013 14:16:58</time></cli_vpd><cli_rtc seconds=\"1370413687\"><time>14:17:00</time></cli_rtc></engine></engines></site></sites>

Wednesday 5th of June 2013 02:28:09 PMsite=Loxoll&id=130305&client=osx.mini&type=site_time.xml&data=<?xml version=\'1.0\' encoding=\'utf-8\'?>
<sites><site><name>Loxoll</name><time>11661713688</time></site></sites>

Wednesday 5th of June 2013 02:28:10 PMsite=Loxoll&id=130305&client=osx.mini&type=command&data=
Wednesday 5th of June 2013 02:28:12 PMsite=Loxoll&id=130305&client=osx.mini&type=command&data=
Wednesday 5th of June 2013 02:28:14 PMsite=Loxoll&id=130305&client=osx.mini&type=command&data=
Wednesday 5th of June 2013 02:28:16 PMsite=Loxoll&id=130305&client=osx.mini&type=command&data=
Wednesday 5th of June 2013 02:28:18 PMsite=Loxoll&id=130305&client=osx.mini&type=command&data=
Wednesday 5th of June 2013 02:28:20 PMsite=Loxoll&id=130305&client=osx.mini&type=command&data=
Wednesday 5th of June 2013 02:28:22 PMsite=Loxoll&id=130305&client=osx.mini&type=command&data=
Wednesday 5th of June 2013 02:28:24 PMsite=Loxoll&id=130305&client=osx.mini&type=command&data=
Wednesday 5th of June 2013 02:28:26 PMsite=Loxoll&id=130305&client=osx.mini&type=command&data=
Wednesday 5th of June 2013 02:28:28 PMsite=Loxoll&id=130305&client=osx.mini&type=command&data=
Wednesday 5th of June 2013 02:28:30 PMsite=Loxoll&id=130305&client=osx.mini&type=command&data=
Wednesday 5th of June 2013 02:28:32 PMsite=Loxoll&id=130305&client=osx.mini&type=command&data=
Wednesday 5th of June 2013 02:28:38 PMsite=Loxoll&id=130305&client=osx.mini&type=engine_time.xml&data=<?xml version=\'1.0\' encoding=\'utf-8\'?>
<sites><site><engines><engine name=\"engine_39\"><conn_lost>0</conn_lost><all_time id=\"0\">30221713688</all_time><new_time id=\"0\">1370413688</new_time></engine><engine name=\"engine_40\"><conn_lost>0</conn_lost><all_time id=\"1\">30224713658</all_time><new_time id=\"3\">1370413718</new_time></engine></engines></site></sites>

Wednesday 5th of June 2013 02:28:38 PMsite=Loxoll&id=130305&client=osx.mini&type=engine_new.xml&data=<?xml version=\'1.0\' encoding=\'utf-8\'?>
<sites><site><engines><engine name=\"engine_39\"/><engine name=\"engine_40\"><cli_vpd seconds=\"1370413717\"><uptime>6d 04:24:50</uptime><time>Wednesday 6/5/2013 14:17:28</time><fw_date>May 2 2013 16:48:30</fw_date></cli_vpd><cli_rtc seconds=\"1370413718\"><time>14:17:30</time></cli_rtc></engine></engines></site></sites>

Wednesday 5th of June 2013 02:28:39 PMsite=Loxoll&id=130305&client=osx.mini&type=site_time.xml&data=<?xml version=\'1.0\' encoding=\'utf-8\'?>
<sites><site><name>Loxoll</name><time>11658713718</time></site></sites>

Wednesday 5th of June 2013 02:28:40 PMsite=Loxoll&id=130305&client=osx.mini&type=command&data=
Wednesday 5th of June 2013 02:28:42 PMsite=Loxoll&id=130305&client=osx.mini&type=command&data=
Wednesday 5th of June 2013 02:28:44 PMsite=Loxoll&id=130305&client=osx.mini&type=command&data=
Wednesday 5th of June 2013 02:28:46 PMsite=Loxoll&id=130305&client=osx.mini&type=command&data=
Wednesday 5th of June 2013 02:28:48 PMsite=Loxoll&id=130305&client=osx.mini&type=command&data=
Wednesday 5th of June 2013 02:28:50 PMsite=Loxoll&id=130305&client=osx.mini&type=command&data=
Wednesday 5th of June 2013 02:28:52 PMsite=Loxoll&id=130305&client=osx.mini&type=command&data=
Wednesday 5th of June 2013 02:28:54 PMsite=Loxoll&id=130305&client=osx.mini&type=command&data=
Wednesday 5th of June 2013 02:28:56 PMsite=Loxoll&id=130305&client=osx.mini&type=command&data=
Wednesday 5th of June 2013 02:28:58 PMsite=Loxoll&id=130305&client=osx.mini&type=command&data=
Wednesday 5th of June 2013 02:29:00 PMsite=Loxoll&id=130305&client=osx.mini&type=command&data=
Wednesday 5th of June 2013 02:29:07 PMsite=Loxoll&id=130305&client=osx.mini&type=engine_time.xml&data=<?xml version=\'1.0\' encoding=\'utf-8\'?>
<sites><site><engines><engine name=\"engine_39\"><conn_lost>0</conn_lost><all_time id=\"0\">30221713688</all_time><new_time id=\"0\">1370413688</new_time></engine><engine name=\"engine_40\"><conn_lost>0</conn_lost><all_time id=\"1\">30224713658</all_time><new_time id=\"4\">1370413747</new_time></engine></engines></site></sites>

Wednesday 5th of June 2013 02:29:07 PMsite=Loxoll&id=130305&client=osx.mini&type=engine_new.xml&data=<?xml version=\'1.0\' encoding=\'utf-8\'?>
<sites><site><engines><engine name=\"engine_39\"/><engine name=\"engine_40\"><cli_vpd seconds=\"1370413747\"><uptime>6d 04:25:19</uptime><time>Wednesday 6/5/2013 14:17:57</time><fw_date>May 2 2013 16:48:30</fw_date></cli_vpd><cli_rtc seconds=\"1370413747\"><time>14:17:59</time></cli_rtc></engine></engines></site></sites>

Wednesday 5th of June 2013 02:29:08 PMsite=Loxoll&id=130305&client=osx.mini&type=site_time.xml&data=<?xml version=\'1.0\' encoding=\'utf-8\'?>
<sites><site><name>Loxoll</name><time>11655813747</time></site></sites>

Wednesday 5th of June 2013 02:29:09 PMsite=Loxoll&id=130305&client=osx.mini&type=command&data=
Wednesday 5th of June 2013 02:29:11 PMsite=Loxoll&id=130305&client=osx.mini&type=command&data=
Wednesday 5th of June 2013 02:29:13 PMsite=Loxoll&id=130305&client=osx.mini&type=command&data=
Wednesday 5th of June 2013 02:29:15 PMsite=Loxoll&id=130305&client=osx.mini&type=command&data=
Wednesday 5th of June 2013 02:29:17 PMsite=Loxoll&id=130305&client=osx.mini&type=command&data=
Wednesday 5th of June 2013 02:29:19 PMsite=Loxoll&id=130305&client=osx.mini&type=command&data=
